[2025-09-19 14:35:09:5640][restartedMain] DEBUG o.s.w.s.m.m.a.RequestMappingHandlerMapping - 61 mappings in 'requestMappingHandlerMapping'
[2025-09-19 14:35:09:5773][restartedMain] DEBUG o.s.w.s.h.SimpleUrlHandlerMapping - Patterns [/webjars/**, /**, /imgs/**, /logs/**] in 'resourceHandlerMapping'
[2025-09-19 14:35:09:5965][restartedMain] DEBUG o.s.w.s.m.m.a.RequestMappingHandlerAdapter - ControllerAdvice beans: 0 @ModelAttribute, 0 @InitBinder, 1 RequestBodyAdvice, 1 ResponseBodyAdvice
[2025-09-19 14:35:09:6033][restartedMain] DEBUG o.s.w.s.m.m.a.ExceptionHandlerExceptionResolver - ControllerAdvice beans: 0 @ExceptionHandler, 1 ResponseBodyAdvice
[2025-09-19 14:35:14:10952][https-jsse-nio-8443-exec-10] INFO  o.s.web.servlet.DispatcherServlet - Initializing Servlet 'dispatcherServlet'
[2025-09-19 14:35:14:10954][https-jsse-nio-8443-exec-10] DEBUG o.s.web.servlet.DispatcherServlet - Detected StandardServletMultipartResolver
[2025-09-19 14:35:14:10954][https-jsse-nio-8443-exec-10] DEBUG o.s.web.servlet.DispatcherServlet - Detected AcceptHeaderLocaleResolver
[2025-09-19 14:35:14:10954][https-jsse-nio-8443-exec-10] DEBUG o.s.web.servlet.DispatcherServlet - Detected FixedThemeResolver
[2025-09-19 14:35:14:10954][https-jsse-nio-8443-exec-10] DEBUG o.s.web.servlet.DispatcherServlet - Detected org.springframework.web.servlet.view.DefaultRequestToViewNameTranslator@4a0bc43a
[2025-09-19 14:35:14:10956][https-jsse-nio-8443-exec-10] DEBUG o.s.web.servlet.DispatcherServlet - Detected org.springframework.web.servlet.support.SessionFlashMapManager@51495681
[2025-09-19 14:35:14:10956][https-jsse-nio-8443-exec-10] DEBUG o.s.web.servlet.DispatcherServlet - enableLoggingRequestDetails='false': request parameters and headers will be masked to prevent unsafe logging of potentially sensitive data
[2025-09-19 14:35:14:10956][https-jsse-nio-8443-exec-10] INFO  o.s.web.servlet.DispatcherServlet - Completed initialization in 4 ms
[2025-09-19 14:35:14:10996][https-jsse-nio-8443-exec-10] DEBUG o.s.web.servlet.DispatcherServlet - GET "/", parameters={}
[2025-09-19 14:35:14:10998][https-jsse-nio-8443-exec-10] DEBUG o.s.w.s.m.m.a.RequestMappingHandlerMapping - Mapped to edu.sm.controller.MainController#main(Model)
[2025-09-19 14:35:14:11038][https-jsse-nio-8443-exec-10] DEBUG o.s.w.s.v.ContentNegotiatingViewResolver - Selected 'text/html' given [text/html, application/xhtml+xml, image/avif, image/webp, image/apng, application/xml;q=0.9, */*;q=0.8, application/signed-exchange;v=b3;q=0.7]
[2025-09-19 14:35:14:11038][https-jsse-nio-8443-exec-10] DEBUG o.s.web.servlet.view.JstlView - View name [index], model {}
[2025-09-19 14:35:14:11046][https-jsse-nio-8443-exec-10] DEBUG o.s.web.servlet.view.JstlView - Forwarding to [/views/index.jsp]
[2025-09-19 14:35:15:12274][https-jsse-nio-8443-exec-5] DEBUG o.s.web.servlet.DispatcherServlet - GET "/", parameters={}
[2025-09-19 14:35:15:12274][https-jsse-nio-8443-exec-5] DEBUG o.s.w.s.m.m.a.RequestMappingHandlerMapping - Mapped to edu.sm.controller.MainController#main(Model)
[2025-09-19 14:35:15:12277][https-jsse-nio-8443-exec-5] DEBUG o.s.w.s.v.ContentNegotiatingViewResolver - Selected 'text/html' given [text/html, application/xhtml+xml, image/avif, image/webp, image/apng, application/xml;q=0.9, */*;q=0.8, application/signed-exchange;v=b3;q=0.7]
[2025-09-19 14:35:15:12277][https-jsse-nio-8443-exec-5] DEBUG o.s.web.servlet.view.JstlView - View name [index], model {}
[2025-09-19 14:35:15:12277][https-jsse-nio-8443-exec-5] DEBUG o.s.web.servlet.view.JstlView - Forwarding to [/views/index.jsp]
[2025-09-19 14:35:15:12381][https-jsse-nio-8443-exec-10] DEBUG o.s.web.servlet.DispatcherServlet - Completed 200 OK
[2025-09-19 14:35:15:12381][https-jsse-nio-8443-exec-5] DEBUG o.s.web.servlet.DispatcherServlet - Completed 200 OK
[2025-09-19 14:35:16:12848][https-jsse-nio-8443-exec-9] DEBUG o.s.web.servlet.DispatcherServlet - GET "/favicon.ico", parameters={}
[2025-09-19 14:35:16:12852][https-jsse-nio-8443-exec-9] DEBUG o.s.w.s.h.SimpleUrlHandlerMapping - Mapped to ResourceHttpRequestHandler [classpath [META-INF/resources/], classpath [resources/], classpath [static/], classpath [public/], ServletContext [/]]
[2025-09-19 14:35:16:12852][https-jsse-nio-8443-exec-9] DEBUG o.s.w.s.r.ResourceHttpRequestHandler - Resource not found
[2025-09-19 14:35:16:12870][https-jsse-nio-8443-exec-9] DEBUG o.s.w.s.m.s.DefaultHandlerExceptionResolver - Resolved [org.springframework.web.servlet.resource.NoResourceFoundException: No static resource favicon.ico.]
[2025-09-19 14:35:16:12870][https-jsse-nio-8443-exec-9] DEBUG o.s.web.servlet.DispatcherServlet - Completed 404 NOT_FOUND
[2025-09-19 14:35:16:12873][https-jsse-nio-8443-exec-9] DEBUG o.s.web.servlet.DispatcherServlet - "ERROR" dispatch for GET "/error", parameters={}
[2025-09-19 14:35:16:12873][https-jsse-nio-8443-exec-9] DEBUG o.s.w.s.m.m.a.RequestMappingHandlerMapping - Mapped to org.springframework.boot.autoconfigure.web.servlet.error.BasicErrorController#error(HttpServletRequest)
[2025-09-19 14:35:16:12903][https-jsse-nio-8443-exec-9] DEBUG o.s.w.s.m.m.a.HttpEntityMethodProcessor - Using 'application/json;q=0.8', given [image/avif, image/webp, image/apng, image/svg+xml, image/*, */*;q=0.8] and supported [application/json, application/*+json]
[2025-09-19 14:35:16:12904][https-jsse-nio-8443-exec-9] DEBUG o.s.w.s.m.m.a.HttpEntityMethodProcessor - Writing [{timestamp=Fri Sep 19 14:35:16 KST 2025, status=404, error=Not Found, trace=org.springframework.web. (truncated)...]
[2025-09-19 14:35:16:12960][https-jsse-nio-8443-exec-9] DEBUG o.s.web.servlet.DispatcherServlet - Exiting from "ERROR" dispatch, status 404
[2025-09-19 14:35:17:14166][https-jsse-nio-8443-exec-7] DEBUG o.s.web.servlet.DispatcherServlet - GET "/chart", parameters={}
[2025-09-19 14:35:17:14166][https-jsse-nio-8443-exec-7] DEBUG o.s.w.s.m.m.a.RequestMappingHandlerMapping - Mapped to edu.sm.controller.ChartController#main(Model)
[2025-09-19 14:35:17:14169][https-jsse-nio-8443-exec-7] DEBUG o.s.w.s.v.ContentNegotiatingViewResolver - Selected 'text/html' given [text/html, application/xhtml+xml, image/avif, image/webp, image/apng, application/xml;q=0.9, */*;q=0.8, application/signed-exchange;v=b3;q=0.7]
[2025-09-19 14:35:17:14169][https-jsse-nio-8443-exec-7] DEBUG o.s.web.servlet.view.JstlView - View name [index], model {center=chart/center, left=chart/left}
[2025-09-19 14:35:17:14169][https-jsse-nio-8443-exec-7] DEBUG o.s.web.servlet.view.JstlView - Forwarding to [/views/index.jsp]
[2025-09-19 14:35:17:14382][https-jsse-nio-8443-exec-7] DEBUG o.s.web.servlet.DispatcherServlet - Completed 200 OK
[2025-09-19 14:35:18:15001][https-jsse-nio-8443-exec-4] DEBUG o.s.web.servlet.DispatcherServlet - GET "/register", parameters={}
[2025-09-19 14:35:18:15001][https-jsse-nio-8443-exec-4] DEBUG o.s.w.s.m.m.a.RequestMappingHandlerMapping - Mapped to edu.sm.controller.LoginController#main(Model)
[2025-09-19 14:35:18:15007][https-jsse-nio-8443-exec-4] DEBUG o.s.w.s.v.ContentNegotiatingViewResolver - Selected 'text/html' given [text/html, application/xhtml+xml, image/avif, image/webp, image/apng, application/xml;q=0.9, */*;q=0.8, application/signed-exchange;v=b3;q=0.7]
[2025-09-19 14:35:18:15007][https-jsse-nio-8443-exec-4] DEBUG o.s.web.servlet.view.JstlView - View name [index], model {center=register, left=left}
[2025-09-19 14:35:18:15007][https-jsse-nio-8443-exec-4] DEBUG o.s.web.servlet.view.JstlView - Forwarding to [/views/index.jsp]
[2025-09-19 14:35:18:15106][https-jsse-nio-8443-exec-4] DEBUG o.s.web.servlet.DispatcherServlet - Completed 200 OK
[2025-09-19 14:35:26:23237][https-jsse-nio-8443-exec-6] DEBUG o.s.web.servlet.DispatcherServlet - POST "/registerimpl", parameters={masked}
[2025-09-19 14:35:26:23237][https-jsse-nio-8443-exec-6] DEBUG o.s.w.s.m.m.a.RequestMappingHandlerMapping - Mapped to edu.sm.controller.LoginController#registerimpl(Model, Cust)
[2025-09-19 14:35:27:23913][https-jsse-nio-8443-exec-6] DEBUG o.s.web.servlet.view.RedirectView - View name [redirect:], model {}
[2025-09-19 14:35:27:23914][https-jsse-nio-8443-exec-6] DEBUG o.s.web.servlet.DispatcherServlet - Completed 302 FOUND
[2025-09-19 14:35:27:23925][https-jsse-nio-8443-exec-8] DEBUG o.s.web.servlet.DispatcherServlet - GET "/login", parameters={}
[2025-09-19 14:35:27:23925][https-jsse-nio-8443-exec-8] DEBUG o.s.w.s.m.m.a.RequestMappingHandlerMapping - Mapped to edu.sm.controller.LoginController#add(Model)
[2025-09-19 14:35:27:23927][https-jsse-nio-8443-exec-8] DEBUG o.s.w.s.v.ContentNegotiatingViewResolver - Selected 'text/html' given [text/html, application/xhtml+xml, image/avif, image/webp, image/apng, application/xml;q=0.9, */*;q=0.8, application/signed-exchange;v=b3;q=0.7]
[2025-09-19 14:35:27:23927][https-jsse-nio-8443-exec-8] DEBUG o.s.web.servlet.view.JstlView - View name [index], model {center=login, left=left}
[2025-09-19 14:35:27:23927][https-jsse-nio-8443-exec-8] DEBUG o.s.web.servlet.view.JstlView - Forwarding to [/views/index.jsp]
[2025-09-19 14:35:27:24019][https-jsse-nio-8443-exec-8] DEBUG o.s.web.servlet.DispatcherServlet - Completed 200 OK
[2025-09-19 14:35:32:28993][https-jsse-nio-8443-exec-5] DEBUG o.s.web.servlet.DispatcherServlet - POST "/loginimpl", parameters={masked}
[2025-09-19 14:35:32:28995][https-jsse-nio-8443-exec-5] DEBUG o.s.w.s.m.m.a.RequestMappingHandlerMapping - Mapped to edu.sm.controller.LoginController#loginimpl(Model, String, String, HttpSession)
[2025-09-19 14:35:32:29178][https-jsse-nio-8443-exec-5] DEBUG o.s.web.servlet.view.RedirectView - View name [redirect:], model {}
[2025-09-19 14:35:32:29178][https-jsse-nio-8443-exec-5] DEBUG o.s.web.servlet.DispatcherServlet - Completed 302 FOUND
[2025-09-19 14:35:32:29186][https-jsse-nio-8443-exec-2] DEBUG o.s.web.servlet.DispatcherServlet - GET "/", parameters={}
[2025-09-19 14:35:32:29186][https-jsse-nio-8443-exec-2] DEBUG o.s.w.s.m.m.a.RequestMappingHandlerMapping - Mapped to edu.sm.controller.MainController#main(Model)
[2025-09-19 14:35:32:29186][https-jsse-nio-8443-exec-2] DEBUG o.s.w.s.v.ContentNegotiatingViewResolver - Selected 'text/html' given [text/html, application/xhtml+xml, image/avif, image/webp, image/apng, application/xml;q=0.9, */*;q=0.8, application/signed-exchange;v=b3;q=0.7]
[2025-09-19 14:35:32:29188][https-jsse-nio-8443-exec-2] DEBUG o.s.web.servlet.view.JstlView - View name [index], model {}
[2025-09-19 14:35:32:29188][https-jsse-nio-8443-exec-2] DEBUG o.s.web.servlet.view.JstlView - Forwarding to [/views/index.jsp]
[2025-09-19 14:35:32:29201][https-jsse-nio-8443-exec-2] DEBUG o.s.web.servlet.DispatcherServlet - Completed 200 OK
